<?xml version="1.0" encoding="UTF-8"?>
<!-- Generated by org.testng.reporters.JUnitXMLReporter -->
<testsuite ignored="0" hostname="SL21" failures="0" tests="4" name="Default test" time="49.412" errors="0" timestamp="2026-03-05T16:48:29 IST">
  <testcase classname="testScripts.ArticleTest" name="LoginPageTest" time="1.252"/>
  <testcase classname="testScripts.ArticleTest" name="newArticleTest" time="11.314"/>
  <testcase classname="testScripts.ArticleTest" name="editArticle" time="11.407"/>
  <testcase classname="testScripts.ArticleTest" name="deleteArticleTest" time="0.516"/>
</testsuite> <!-- Default test -->
