<?xml version="1.0" encoding="UTF-8"?>
<!-- Generated by org.testng.reporters.JUnitReportReporter -->
<testsuite hostname="SL21" failures="0" tests="4" name="testScripts.ArticleTest" time="27.265" errors="0" timestamp="2026-03-02T14:08:37 IST" skipped="0">
  <testcase classname="testScripts.ArticleTest" name="LoginPageTest" time="1.222"/>
  <testcase classname="testScripts.ArticleTest" name="newArticleTest" time="11.698"/>
  <testcase classname="testScripts.ArticleTest" name="editArticle" time="13.711"/>
  <testcase classname="testScripts.ArticleTest" name="deleteArticleTest" time="0.634"/>
</testsuite> <!-- testScripts.ArticleTest -->
